<?xml version="1.0" encoding="UTF-8"?>
<!-- Generated by org.testng.reporters.JUnitReportReporter -->
<testsuite hostname="M5422903" failures="0" tests="1" name="knowledgeware_Page_Tests.RegisterPageOne_Page_Test" time="10.095" errors="0" timestamp="2023-09-04T09:44:34 IST" skipped="0">
  <testcase classname="knowledgeware_Page_Tests.RegisterPageOne_Page_Test" name="registrationTC" time="10.095"/>
</testsuite> <!-- knowledgeware_Page_Tests.RegisterPageOne_Page_Test -->
