<?xml version="1.0" encoding="UTF-8"?>
<!-- Generated by org.testng.reporters.JUnitReportReporter -->
<testsuite hostname="M5422903" failures="0" tests="3" name="mediflox_Page_Tests.Login_Page_Test" time="8.196" errors="0" timestamp="2023-09-06T09:09:32 IST" skipped="0">
  <testcase classname="mediflox_Page_Tests.Login_Page_Test" name="wrongPassword" time="2.177"/>
  <testcase classname="mediflox_Page_Tests.Login_Page_Test" name="wrongUser" time="2.234"/>
  <testcase classname="mediflox_Page_Tests.Login_Page_Test" name="sucess" time="3.785"/>
</testsuite> <!-- mediflox_Page_Tests.Login_Page_Test -->
